<?xml version="1.0" encoding="UTF-8"?>
<!-- Generated by org.testng.reporters.JUnitReportReporter -->
<testsuite hostname="testing-gce-8016a275-2004-479e-a794-c25a4e453ec6" name="com.saucelabs.SampleSauceTest" tests="1" failures="0" timestamp="10 Nov 2016 12:45:24 GMT" time="14.732" errors="0">
  <testcase name="webDriver" time="14.732" classname="com.saucelabs.SampleSauceTest"/>
</testsuite>
