<?xml version="1.0" encoding="UTF-8"?>
<!-- Generated by org.testng.reporters.JUnitReportReporter -->
<testsuite hostname="testing-gce-1ccf2158-17c2-44e4-96ae-7342ed410dd0" name="com.saucelabs.SampleSauceTest" tests="1" failures="0" timestamp="18 Nov 2016 11:15:03 GMT" time="15.540" errors="0">
  <testcase name="webDriver" time="15.540" classname="com.saucelabs.SampleSauceTest"/>
</testsuite>
