<?xml version="1.0" encoding="UTF-8"?>
<!-- Generated by org.testng.reporters.JUnitReportReporter -->
<testsuite hostname="testing-gce-0f9fa729-8636-48bb-9cb4-31976d51de63" name="com.saucelabs.SampleSauceTest" tests="1" failures="0" timestamp="14 Nov 2016 12:34:11 GMT" time="15.162" errors="0">
  <testcase name="webDriver" time="15.162" classname="com.saucelabs.SampleSauceTest"/>
</testsuite>
