<?xml version="1.0" encoding="UTF-8"?>
<!-- Generated by org.testng.reporters.JUnitReportReporter -->
<testsuite hostname="testing-worker-linux-docker-3eedb1a7-3472-linux-7" name="com.saucelabs.SampleSauceTest" tests="2" failures="0" timestamp="31 Oct 2016 10:47:41 GMT" time="22.798" errors="0">
  <testcase name="webDriver" time="9.115" classname="com.saucelabs.SampleSauceTest"/>
  <testcase name="webDriver" time="13.683" classname="com.saucelabs.SampleSauceTest"/>
</testsuite>
