<?xml version="1.0" encoding="UTF-8"?>
<!-- Generated by org.testng.reporters.JUnitReportReporter -->
<testsuite hostname="testing-gce-39244f3f-98d7-4f71-b27f-b14265a8fb6e" name="com.saucelabs.SampleSauceTest" tests="1" failures="0" timestamp="10 Nov 2016 09:30:57 GMT" time="16.481" errors="0">
  <testcase name="webDriver" time="16.481" classname="com.saucelabs.SampleSauceTest"/>
</testsuite>
