<?xml version="1.0" encoding="UTF-8"?>
<!-- Generated by org.testng.reporters.JUnitReportReporter -->
<testsuite hostname="testing-gce-00183266-4cd8-43ba-9da6-73da8e8b2a5b" name="com.saucelabs.SampleSauceTest" tests="1" failures="0" timestamp="14 Nov 2016 13:00:55 GMT" time="13.503" errors="0">
  <testcase name="webDriver" time="13.503" classname="com.saucelabs.SampleSauceTest"/>
</testsuite>
