<?xml version="1.0" encoding="UTF-8"?>
<!-- Generated by org.testng.reporters.JUnitReportReporter -->
<testsuite hostname="ITEM-S32672" name="com.saucelabs.SampleSauceTest" tests="2" failures="0" timestamp="26 Oct 2016 09:35:28 GMT" time="21,219" errors="0">
  <testcase name="webDriver" time="10,411" classname="com.saucelabs.SampleSauceTest"/>
  <testcase name="webDriver" time="10,808" classname="com.saucelabs.SampleSauceTest"/>
</testsuite>
