<?xml version="1.0" encoding="UTF-8"?>
<!-- Generated by org.testng.reporters.JUnitReportReporter -->
<testsuite hostname="testing-gce-e9449f94-bd1e-46dc-8edf-2ba64519f318" name="com.saucelabs.SampleSauceTest" tests="1" failures="0" timestamp="10 Nov 2016 16:09:24 GMT" time="13.898" errors="0">
  <testcase name="webDriver" time="13.898" classname="com.saucelabs.SampleSauceTest"/>
</testsuite>
